android-app/app/build/intermediates/manifest_merge_blame_file/debug/processDebugMainManifest/manifest-merger-blame-debug-report.txt
1<?xml version="1.0" encoding="utf-8"?>
2<manifest xmlns:android="http://schemas.android.com/apk/res/android"
3    package="com.uct.tvcontentviewer"
4    android:versionCode="1"
5    android:versionName="1.0" >
6
7    <uses-sdk
8        android:minSdkVersion="24"
9        android:targetSdkVersion="35" />
10
11    <uses-permission android:name="android.permission.INTERNET" />
11-->src\main\AndroidManifest.xml:5:5-67
11-->src\main\AndroidManifest.xml:5:22-64
12    <uses-permission android:name="android.permission.ACCESS_NETWORK_STATE" />
12-->src\main\AndroidManifest.xml:6:5-79
12-->src\main\AndroidManifest.xml:6:22-76
13    <uses-permission android:name="android.permission.ACCESS_WIFI_STATE" />
13-->src\main\AndroidManifest.xml:7:5-76
13-->src\main\AndroidManifest.xml:7:22-73
14    <uses-permission android:name="android.permission.WAKE_LOCK" />
14-->src\main\AndroidManifest.xml:8:5-68
14-->src\main\AndroidManifest.xml:8:22-65
15
16    <!-- TV Features -->
17    <uses-feature
17-->src\main\AndroidManifest.xml:11:5-13:36
18        android:name="android.software.leanback"
18-->src\main\AndroidManifest.xml:12:9-49
19        android:required="false" />
19-->src\main\AndroidManifest.xml:13:9-33
20    <uses-feature
20-->src\main\AndroidManifest.xml:14:5-16:36
21        android:name="android.hardware.touchscreen"
21-->src\main\AndroidManifest.xml:15:9-52
22        android:required="false" />
22-->src\main\AndroidManifest.xml:16:9-33
23
24    <!-- TV Intent Filter -->
25    <uses-feature
25-->src\main\AndroidManifest.xml:19:5-21:36
26        android:name="android.hardware.type.television"
26-->src\main\AndroidManifest.xml:20:9-56
27        android:required="false" />
27-->src\main\AndroidManifest.xml:21:9-33
28
29    <permission
29-->[androidx.core:core:1.16.0] AndroidManifest.xml:22:5-24:47
30        android:name="com.uct.tvcontentviewer.DYNAMIC_RECEIVER_NOT_EXPORTED_PERMISSION"
30-->[androidx.core:core:1.16.0] AndroidManifest.xml:23:9-81
31        android:protectionLevel="signature" />
31-->[androidx.core:core:1.16.0] AndroidManifest.xml:24:9-44
32
33    <uses-permission android:name="com.uct.tvcontentviewer.DYNAMIC_RECEIVER_NOT_EXPORTED_PERMISSION" />
33-->[androidx.core:core:1.16.0] AndroidManifest.xml:26:5-97
33-->[androidx.core:core:1.16.0] AndroidManifest.xml:26:22-94
34
35    <application
35-->src\main\AndroidManifest.xml:23:5-73:19
36        android:name="com.uct.tvcontentviewer.TVContentViewerApplication"
36-->src\main\AndroidManifest.xml:24:9-51
37        android:allowBackup="true"
37-->src\main\AndroidManifest.xml:25:9-35
38        android:appComponentFactory="androidx.core.app.CoreComponentFactory"
38-->[androidx.core:core:1.16.0] AndroidManifest.xml:28:18-86
39        android:debuggable="true"
40        android:extractNativeLibs="false"
41        android:icon="@mipmap/ic_launcher"
41-->src\main\AndroidManifest.xml:26:9-43
42        android:label="@string/app_name"
42-->src\main\AndroidManifest.xml:27:9-41
43        android:roundIcon="@mipmap/ic_launcher"
43-->src\main\AndroidManifest.xml:28:9-48
44        android:supportsRtl="true"
44-->src\main\AndroidManifest.xml:29:9-35
45        android:theme="@style/Theme.TVContentViewer"
45-->src\main\AndroidManifest.xml:30:9-53
46        android:usesCleartextTraffic="true" >
46-->src\main\AndroidManifest.xml:31:9-44
47        <activity
47-->src\main\AndroidManifest.xml:34:9-43:20
48            android:name="com.uct.tvcontentviewer.ui.MainActivity"
48-->src\main\AndroidManifest.xml:35:13-44
49            android:exported="true"
49-->src\main\AndroidManifest.xml:36:13-36
50            android:theme="@style/Theme.TVContentViewer.NoActionBar" >
50-->src\main\AndroidManifest.xml:37:13-69
51            <intent-filter>
51-->src\main\AndroidManifest.xml:38:13-42:29
52                <action android:name="android.intent.action.MAIN" />
52-->src\main\AndroidManifest.xml:39:17-69
52-->src\main\AndroidManifest.xml:39:25-66
53
54                <category android:name="android.intent.category.LAUNCHER" />
54-->src\main\AndroidManifest.xml:40:17-77
54-->src\main\AndroidManifest.xml:40:27-74
55                <category android:name="android.intent.category.LEANBACK_LAUNCHER" />
55-->src\main\AndroidManifest.xml:41:17-86
55-->src\main\AndroidManifest.xml:41:27-83
56            </intent-filter>
57        </activity>
58        <activity
58-->src\main\AndroidManifest.xml:45:9-49:61
59            android:name="com.uct.tvcontentviewer.ui.ScreenDetailActivity"
59-->src\main\AndroidManifest.xml:46:13-52
60            android:exported="false"
60-->src\main\AndroidManifest.xml:47:13-37
61            android:parentActivityName="com.uct.tvcontentviewer.ui.MainActivity"
61-->src\main\AndroidManifest.xml:49:13-58
62            android:theme="@style/Theme.TVContentViewer.NoActionBar" />
62-->src\main\AndroidManifest.xml:48:13-69
63        <activity
63-->src\main\AndroidManifest.xml:51:9-54:69
64            android:name="com.uct.tvcontentviewer.ui.MediaPlayerActivity"
64-->src\main\AndroidManifest.xml:52:13-51
65            android:exported="false"
65-->src\main\AndroidManifest.xml:53:13-37
66            android:parentActivityName="com.uct.tvcontentviewer.ui.ScreenDetailActivity" />
66-->src\main\AndroidManifest.xml:54:13-66
67        <activity
67-->src\main\AndroidManifest.xml:56:9-62:61
68            android:name="com.uct.tvcontentviewer.ui.AndroidPlayerActivity"
68-->src\main\AndroidManifest.xml:57:13-53
69            android:configChanges="orientation|screenSize|keyboardHidden|uiMode"
69-->src\main\AndroidManifest.xml:61:13-81
70            android:exported="false"
70-->src\main\AndroidManifest.xml:58:13-37
71            android:parentActivityName="com.uct.tvcontentviewer.ui.MainActivity"
71-->src\main\AndroidManifest.xml:62:13-58
72            android:screenOrientation="landscape"
72-->src\main\AndroidManifest.xml:60:13-50
73            android:theme="@style/Theme.TVContentViewer.NoActionBar" />
73-->src\main\AndroidManifest.xml:59:13-69
74        <activity
74-->src\main\AndroidManifest.xml:64:9-71:40
75            android:name="com.uct.tvcontentviewer.ui.TVPlayerActivity"
75-->src\main\AndroidManifest.xml:65:13-48
76            android:configChanges="orientation|screenSize|keyboardHidden|uiMode"
76-->src\main\AndroidManifest.xml:69:13-81
77            android:exported="false"
77-->src\main\AndroidManifest.xml:66:13-37
78            android:hardwareAccelerated="true"
78-->src\main\AndroidManifest.xml:70:13-47
79            android:largeHeap="true"
79-->src\main\AndroidManifest.xml:71:13-37
80            android:launchMode="singleTask"
80-->src\main\AndroidManifest.xml:68:13-44
81            android:theme="@style/Theme.TVContentViewer.NoActionBar" />
81-->src\main\AndroidManifest.xml:67:13-69
82
83        <provider
83-->[androidx.emoji2:emoji2:1.3.0] AndroidManifest.xml:24:9-32:20
84            android:name="androidx.startup.InitializationProvider"
84-->[androidx.emoji2:emoji2:1.3.0] AndroidManifest.xml:25:13-67
85            android:authorities="com.uct.tvcontentviewer.androidx-startup"
85-->[androidx.emoji2:emoji2:1.3.0] AndroidManifest.xml:26:13-68
86            android:exported="false" >
86-->[androidx.emoji2:emoji2:1.3.0] AndroidManifest.xml:27:13-37
87            <meta-data
87-->[androidx.emoji2:emoji2:1.3.0] AndroidManifest.xml:29:13-31:52
88                android:name="androidx.emoji2.text.EmojiCompatInitializer"
88-->[androidx.emoji2:emoji2:1.3.0] AndroidManifest.xml:30:17-75
89                android:value="androidx.startup" />
89-->[androidx.emoji2:emoji2:1.3.0] AndroidManifest.xml:31:17-49
90            <meta-data
90-->[androidx.lifecycle:lifecycle-process:2.9.1] AndroidManifest.xml:29:13-31:52
91                android:name="androidx.lifecycle.ProcessLifecycleInitializer"
91-->[androidx.lifecycle:lifecycle-process:2.9.1] AndroidManifest.xml:30:17-78
92                android:value="androidx.startup" />
92-->[androidx.lifecycle:lifecycle-process:2.9.1] AndroidManifest.xml:31:17-49
93            <meta-data
93-->[androidx.profileinstaller:profileinstaller:1.4.0] AndroidManifest.xml:29:13-31:52
94                android:name="androidx.profileinstaller.ProfileInstallerInitializer"
94-->[androidx.profileinstaller:profileinstaller:1.4.0] AndroidManifest.xml:30:17-85
95                android:value="androidx.startup" />
95-->[androidx.profileinstaller:profileinstaller:1.4.0] AndroidManifest.xml:31:17-49
96        </provider>
97
98        <receiver
98-->[androidx.profileinstaller:profileinstaller:1.4.0] AndroidManifest.xml:34:9-52:20
99            android:name="androidx.profileinstaller.ProfileInstallReceiver"
99-->[androidx.profileinstaller:profileinstaller:1.4.0] AndroidManifest.xml:35:13-76
100            android:directBootAware="false"
100-->[androidx.profileinstaller:profileinstaller:1.4.0] AndroidManifest.xml:36:13-44
101            android:enabled="true"
101-->[androidx.profileinstaller:profileinstaller:1.4.0] AndroidManifest.xml:37:13-35
102            android:exported="true"
102-->[androidx.profileinstaller:profileinstaller:1.4.0] AndroidManifest.xml:38:13-36
103            android:permission="android.permission.DUMP" >
103-->[androidx.profileinstaller:profileinstaller:1.4.0] AndroidManifest.xml:39:13-57
104            <intent-filter>
104-->[androidx.profileinstaller:profileinstaller:1.4.0] AndroidManifest.xml:40:13-42:29
105                <action android:name="androidx.profileinstaller.action.INSTALL_PROFILE" />
105-->[androidx.profileinstaller:profileinstaller:1.4.0] AndroidManifest.xml:41:17-91
105-->[androidx.profileinstaller:profileinstaller:1.4.0] AndroidManifest.xml:41:25-88
106            </intent-filter>
107            <intent-filter>
107-->[androidx.profileinstaller:profileinstaller:1.4.0] AndroidManifest.xml:43:13-45:29
108                <action android:name="androidx.profileinstaller.action.SKIP_FILE" />
108-->[androidx.profileinstaller:profileinstaller:1.4.0] AndroidManifest.xml:44:17-85
108-->[androidx.profileinstaller:profileinstaller:1.4.0] AndroidManifest.xml:44:25-82
109            </intent-filter>
110            <intent-filter>
110-->[androidx.profileinstaller:profileinstaller:1.4.0] AndroidManifest.xml:46:13-48:29
111                <action android:name="androidx.profileinstaller.action.SAVE_PROFILE" />
111-->[androidx.profileinstaller:profileinstaller:1.4.0] AndroidManifest.xml:47:17-88
111-->[androidx.profileinstaller:profileinstaller:1.4.0] AndroidManifest.xml:47:25-85
112            </intent-filter>
113            <intent-filter>
113-->[androidx.profileinstaller:profileinstaller:1.4.0] AndroidManifest.xml:49:13-51:29
114                <action android:name="androidx.profileinstaller.action.BENCHMARK_OPERATION" />
114-->[androidx.profileinstaller:profileinstaller:1.4.0] AndroidManifest.xml:50:17-95
114-->[androidx.profileinstaller:profileinstaller:1.4.0] AndroidManifest.xml:50:25-92
115            </intent-filter>
116        </receiver>
117    </application>
118
119</manifest>